----------------------------------------------------------------------------------
Epoch [1/10000], Current Learning Rate: 0.001
Epoch [1/10000], Current Cost Time: 0:00:04.127007
Epoch [1/10000], Cumulative Cost Time: 0:00:04.127007
Epoch [1/10000], Loss: 0.632317601
Epoch [1/10000],  R2: -2.1906, RMSE: 0.7293
----------------------------------------------------------------------------------
Epoch [2/10000], Current Learning Rate: 0.001
Epoch [2/10000], Current Cost Time: 0:00:06.336972
Epoch [2/10000], Cumulative Cost Time: 0:00:06.336972
Epoch [2/10000], Loss: 0.430297300
Epoch [2/10000],  R2: -0.6236, RMSE: 0.5373
----------------------------------------------------------------------------------
Epoch [3/10000], Current Learning Rate: 0.001
Epoch [3/10000], Current Cost Time: 0:00:08.545669
Epoch [3/10000], Cumulative Cost Time: 0:00:08.545669
Epoch [3/10000], Loss: 0.418783806
Epoch [3/10000],  R2: -0.5401, RMSE: 0.5275
----------------------------------------------------------------------------------
Epoch [4/10000], Current Learning Rate: 0.001
Epoch [4/10000], Current Cost Time: 0:00:10.757373
Epoch [4/10000], Cumulative Cost Time: 0:00:10.757373
Epoch [4/10000], Loss: 0.409084225
Epoch [4/10000],  R2: -0.4851, RMSE: 0.5168
----------------------------------------------------------------------------------
Epoch [5/10000], Current Learning Rate: 0.001
Epoch [5/10000], Current Cost Time: 0:00:12.969125
Epoch [5/10000], Cumulative Cost Time: 0:00:12.969125
Epoch [5/10000], Loss: 0.404568013
Epoch [5/10000],  R2: -0.4534, RMSE: 0.5129
----------------------------------------------------------------------------------
Epoch [6/10000], Current Learning Rate: 0.001
Epoch [6/10000], Current Cost Time: 0:00:15.184657
Epoch [6/10000], Cumulative Cost Time: 0:00:15.184657
Epoch [6/10000], Loss: 0.405501442
Epoch [6/10000],  R2: -0.4596, RMSE: 0.5133
Backend TkAgg is interactive backend. Turning interactive mode on.
Backend TkAgg is interactive backend. Turning interactive mode on.
